7 98 3
11 72 42
0 0 0
x
x
3 85 5
x
0 2 1
0 4 2
x
6 46 9
14 3 36
x
10 44 16
1 30 43
9 24 4
1 35 44
14 6 16
8 13 1
3 50 5
3 89 5
x
x
1 40 44
14 11 22
1 36 5
x
x
3 95 5
9 99 41
14 16 42
11 79 6
9 26 34
15 32 37
0 7 3
10 49 25
x
12 87 12
15 36 36
x
15 39 39
2 16 25
14 97 42
15 43 40
1 37 13
10 53 42
4 0 5
x
11 84 30
5 11 9
0 11 4
11 26 35
2 21 26
15 29 8
11 87 0
15 47 13
10 56 15
9 28 13
0 9 5
0 15 6
2 23 30
10 37 21
11 90 2
11 77 26
14 19 6
10 61 3
0 20 7
9 33 14
x
0 23 8
9 38 5
x
9 43 28
x
x
8 17 40
15 49 21
1 38 14
8 18 4
11 92 36
9 46 29
15 57 34
15 62 1
6 50 31
12 92 33
x
0 25 9
x
14 0 20
1 49 21
13 0 40
2 28 36
8 20 9
6 52 11
2 29 37
6 57 36
x
x
14 24 21
5 14 16
6 59 43
10 65 33
2 30 38
11 96 5
x
6 61 25
5 18 11
11 97 13
x
1 55 27
2 35 39
x
13 99 32
4 4 13
1 62 32
15 53 10
3 51 14
12 0 34
x
2 38 41
4 9 14
x
12 96 30
4 14 0
4 29 1
3 92 8
2 43 4
15 66 31
10 67 40
4 19 20
x
12 90 0
0 28 10
6 65 26
0 33 11
0 35 12
0 38 13
0 39 14
x
5 20 36
8 24 14
12 5 25
14 28 10
x
9 49 30
5 23 37
13 5 8
6 32 30
13 9 16
5 27 2
14 31 11
12 8 35
x
0 43 15
1 67 33
14 33 2
x
12 11 8
6 67 38
10 72 36
10 75 5
4 34 22
x
6 70 3
2 44 17
6 76 20
15 71 23
14 99 26
2 49 18
12 13 32
15 73 38
10 77 28
6 73 19
3 56 31
x
x
9 54 0
15 55 12
10 83 29
6 80 34
8 26 6
1 71 0
5 32 7
2 52 19
1 45 1
10 88 41
15 77 42
4 45 4
6 85 40
x
14 37 26
9 59 16
15 79 5
5 39 17
12 14 20
12 15 44
12 18 21
8 31 32
2 55 24
12 20 26
12 94 29
2 62 35
12 24 43
9 61 7
15 84 14
12 29 27
13 11 31
12 31 3
10 38 10
8 36 41
12 35 12
x
x
x
15 80 44
4 21 17
4 24 18
14 39 3
x
0 48 16
6 88 35
6 90 8
0 52 17
x
x
8 37 25
5 36 18
x
5 45 33
2 46 43
x
14 44 29
0 56 18
5 49 3
4 39 10
x
2 66 6
x
4 49 19
12 36 5
9 66 42
2 59 10
x
6 94 13
5 51 23
5 56 40
14 45 18
9 68 2
12 38 22
14 50 32
2 74 23
1 60 3
10 92 23
12 42 14
2 47 28
15 82 0
13 12 1
5 59 44
x
x
10 96 31
5 64 12
11 0 1
x
5 68 14
8 41 30
9 75 20
5 70 41
5 73 26
14 54 34
15 88 2
8 97 33
x
11 4 6
0 60 19
14 56 14
15 89 9
x
8 99 8
0 64 20
5 75 1
2 70 29
2 79 34
11 6 32
x
0 41 21
2 82 33
x
x
8 43 42
0 66 22
3 63 33
4 54 34
9 78 36
11 9 20
0 68 23
8 44 20
5 78 10
15 90 26
7 0 16
x
x
8 46 39
15 95 12
5 84 5
7 2 32
4 58 39
7 5 37
12 46 28
7 9 41
2 85 40
x
5 88 8
14 59 44
4 43 28
0 74 24
11 12 21
x
13 16 18
x
2 90 42
0 78 25
7 12 7
x
11 18 24
1 76 8
8 49 12
11 22 38
13 19 20
7 17 30
13 20 23
14 64 4
2 95 44
11 28 22
13 25 21
12 51 41
0 81 26
9 80 35
15 97 15
4 41 3
4 64 21
9 84 10
11 31 10
x
8 50 22
x
9 86 37
0 46 27
11 36 17
2 71 4
5 93 29
14 68 9
0 84 28
9 90 1
1 80 11
1 82 20
14 71 17
12 56 4
9 92 43
14 76 27
8 55 33
11 41 37
9 41 15
9 97 38
11 46 7
x
8 58 40
4 68 12
5 43 11
4 70 31
7 19 1
0 89 29
x
8 62 11
3 0 28
10 0 39
5 96 27
7 21 12
10 47 26
13 28 38
7 24 17
3 5 29
12 60 19
5 90 32
3 10 36
x
1 85 22
6 0 42
x
3 14 37
6 8 15
x
14 81 7
x
8 65 18
x
2 72 43
x
x
14 85 43
x
1 89 31
x
13 33 27
7 28 33
14 88 20
x
11 15 27
8 68 8
0 94 30
0 97 31
14 91 29
7 31 31
x
11 49 39
15 0 30
8 72 23
7 35 14
7 37 28
7 41 29
7 45 36
7 50 43
11 53 12
6 11 39
14 62 8
x
9 73 33
10 3 4
3 19 2
3 24 3
4 74 42
13 36 39
0 99 32
1 0 33
6 14 22
1 1 34
13 40 5
x
11 55 33
7 55 0
3 26 5
x
x
10 8 19
x
3 29 7
15 9 25
x
15 14 35
x
x
7 59 26
1 6 35
6 19 18
12 65 31
10 81 5
1 10 36
13 45 13
1 13 37
x
10 13 34
13 49 0
x
3 30 13
7 62 27
8 76 31
3 65 9
x
x
x
3 31 14
x
x
x
14 95 1
6 99 2
x
x
x
5 82 3
6 22 4
4 77 15
x
1 16 38
3 99 16
10 18 11
1 19 39
10 94 13
7 65 15
1 94 40
x
x
7 68 39
13 56 25
10 24 18
8 80 44
5 99 34
7 70 19
6 25 6
11 58 14
13 46 29
12 66 32
12 69 1
13 59 31
1 97 42
3 33 21
x
4 80 25
8 84 41
13 63 35
13 54 20
4 84 30
6 34 24
8 92 3
8 87 37
7 75 18
x
13 66 15
9 0 24
3 38 27
3 43 32
7 77 35
1 98 2
15 19 11
6 6 35
13 71 44
3 34 4
12 70 11
7 81 4
6 29 13
12 73 15
13 73 9
4 88 38
x
x
7 82 10
7 86 23
11 60 16
4 92 41
12 75 18
7 88 44
7 90 5
12 76 20
x
x
14 96 26
x
x
6 30 14
3 53 10
x
x
1 99 7
9 4 26
6 39 21
x
13 75 10
9 9 27
2 0 9
3 36 17
8 89 15
12 77 2
13 76 17
x
x
2 5 12
6 42 28
3 58 26
x
8 70 42
7 93 16
4 26 33
4 94 6
11 68 9
9 14 12
9 19 17
8 0 21
x
15 5 28
x
15 24 41
x
x
3 67 43
10 29 8
10 33 9
2 8 15
4 97 24
13 79 12
x
x
13 83 24
10 40 44
x
11 63 23
x
15 27 19
13 88 37
5 0 35
x
7 97 30
6 44 0
2 12 16
13 91 33
x
1 22 40
12 80 7
1 24 41
12 84 24
3 73 7
3 77 13
8 9 38
8 5 2
13 96 13
x
1 28 42
x
x
x
3 81 11
x
5 5 8
12 86 38
3 48 21
5 7 20
